Pig Stack Trace
---------------
ERROR 1200: <line 1, column 9>  mismatched input '<EOF>' expecting LEFT_BRACKET

org.apache.pig.impl.logicalLayer.FrontendException: ERROR 1000: Error during parsing. <line 1, column 9>  mismatched input '<EOF>' expecting LEFT_BRACKET
	at org.apache.pig.PigServer$Graph.parseQuery(PigServer.java:1832)
	at org.apache.pig.PigServer$Graph.access$000(PigServer.java:1527)
	at org.apache.pig.PigServer.parseAndBuild(PigServer.java:460)
	at org.apache.pig.PigServer.executeBatch(PigServer.java:485)
	at org.apache.pig.PigServer.executeBatch(PigServer.java:471)
	at org.apache.pig.tools.grunt.GruntParser.executeBatch(GruntParser.java:172)
	at org.apache.pig.tools.grunt.GruntParser.parseStopOnError(GruntParser.java:235)
	at org.apache.pig.tools.grunt.GruntParser.parseStopOnError(GruntParser.java:206)
	at org.apache.pig.tools.grunt.Grunt.exec(Grunt.java:81)
	at org.apache.pig.Main.run(Main.java:630)
	at org.apache.pig.Main.main(Main.java:176)
	at sun.reflect.NativeMethodAccessorImpl.invoke0(Native Method)
	at sun.reflect.NativeMethodAccessorImpl.invoke(NativeMethodAccessorImpl.java:62)
	at sun.reflect.DelegatingMethodAccessorImpl.invoke(DelegatingMethodAccessorImpl.java:43)
	at java.lang.reflect.Method.invoke(Method.java:498)
	at org.apache.hadoop.util.RunJar.run(RunJar.java:221)
	at org.apache.hadoop.util.RunJar.main(RunJar.java:136)
Caused by: Failed to parse: Pig script failed to parse: 
<file analisis.pig, line 2, column 6> pig script failed to validate: java.lang.RuntimeException: could not instantiate 'JsonLoader' with arguments '[event:map]'
	at org.apache.pig.parser.QueryParserDriver.parse(QueryParserDriver.java:199)
	at org.apache.pig.PigServer$Graph.parseQuery(PigServer.java:1819)
	... 16 more
Caused by: 
<file analisis.pig, line 2, column 6> pig script failed to validate: java.lang.RuntimeException: could not instantiate 'JsonLoader' with arguments '[event:map]'
	at org.apache.pig.parser.LogicalPlanBuilder.buildLoadOp(LogicalPlanBuilder.java:897)
	at org.apache.pig.parser.LogicalPlanGenerator.load_clause(LogicalPlanGenerator.java:3568)
	at org.apache.pig.parser.LogicalPlanGenerator.op_clause(LogicalPlanGenerator.java:1625)
	at org.apache.pig.parser.LogicalPlanGenerator.general_statement(LogicalPlanGenerator.java:1102)
	at org.apache.pig.parser.LogicalPlanGenerator.statement(LogicalPlanGenerator.java:560)
	at org.apache.pig.parser.LogicalPlanGenerator.query(LogicalPlanGenerator.java:421)
	at org.apache.pig.parser.QueryParserDriver.parse(QueryParserDriver.java:191)
	... 17 more
Caused by: java.lang.RuntimeException: could not instantiate 'JsonLoader' with arguments '[event:map]'
	at org.apache.pig.impl.PigContext.instantiateFuncFromSpec(PigContext.java:770)
	at org.apache.pig.parser.LogicalPlanBuilder.buildLoadOp(LogicalPlanBuilder.java:885)
	... 23 more
Caused by: java.lang.reflect.InvocationTargetException
	at sun.reflect.NativeConstructorAccessorImpl.newInstance0(Native Method)
	at sun.reflect.NativeConstructorAccessorImpl.newInstance(NativeConstructorAccessorImpl.java:62)
	at sun.reflect.DelegatingConstructorAccessorImpl.newInstance(DelegatingConstructorAccessorImpl.java:45)
	at java.lang.reflect.Constructor.newInstance(Constructor.java:423)
	at org.apache.pig.impl.PigContext.instantiateFuncFromSpec(PigContext.java:738)
	... 24 more
Caused by: Failed to parse: <line 1, column 9>  mismatched input '<EOF>' expecting LEFT_BRACKET
	at org.apache.pig.parser.QueryParserDriver.parseSchema(QueryParserDriver.java:97)
	at org.apache.pig.parser.QueryParserDriver.parseSchema(QueryParserDriver.java:111)
	at org.apache.pig.impl.util.Utils.parseSchema(Utils.java:260)
	at org.apache.pig.builtin.JsonLoader.<init>(JsonLoader.java:80)
	... 29 more
================================================================================
